<?xml version="1.0" encoding="UTF-8"?>
<!-- Generated by org.testng.reporters.JUnitReportReporter -->
<testsuite hostname="LAPTOP-9245AL8D" failures="0" tests="1" name="sampleTest.Demo" time="0.008" errors="0" timestamp="2022-09-20T17:06:04 IST" skipped="0">
  <testcase classname="sampleTest.Demo" name="demo" time="0.008"/>
  <system-out/>
</testsuite> <!-- sampleTest.Demo -->
