<?xml version="1.0" encoding="UTF-8"?>
<!-- Generated by org.testng.reporters.JUnitReportReporter -->
<testsuite hostname="LAPTOP-9245AL8D" failures="0" tests="1" name="sampleTest.DemoTest" time="0.007" errors="0" timestamp="2022-11-01T20:19:26 IST" skipped="0">
  <testcase classname="sampleTest.DemoTest" name="demo" time="0.007"/>
  <system-out/>
</testsuite> <!-- sampleTest.DemoTest -->
